<?xml version="1.0" encoding="UTF-8"?>
<testsuite xmlns:xsi="http://www.w3.org/2001/XMLSchema-instance" xsi:noNamespaceSchemaLocation="https://maven.apache.org/surefire/maven-surefire-plugin/xsd/surefire-test-report-3.0.xsd" version="3.0" name="org.diego.tutorial.car.resources.CarResourceTest" time="0.002" tests="1" errors="1" skipped="0" failures="0">
  <properties>
[...]
</properties>
  <testcase name="testGetCars" classname="org.diego.tutorial.car.resources.CarResourceTest" time="0.001">
    <error message="java.lang.ClassNotFoundException: org.glassfish.jersey.internal.RuntimeDelegateImpl" type="java.lang.RuntimeException">java.lang.RuntimeException: java.lang.ClassNotFoundException: org.glassfish.jersey.internal.RuntimeDelegateImpl
	at org.diego.tutorial.car.resources.CarResourceTest.testGetCars(CarResourceTest.java:45)
Caused by: java.lang.ClassNotFoundException: org.glassfish.jersey.internal.RuntimeDelegateImpl
	at org.diego.tutorial.car.resources.CarResourceTest.testGetCars(CarResourceTest.java:45)
</error>
  </testcase>
</testsuite>